[14:06:32] [ServerMain/INFO]: Environment: Environment[sessionHost=https://sessionserver.mojang.com, servicesHost=https://api.minecraftservices.com, name=PROD]
[14:06:34] [ServerMain/INFO]: Loaded 1174 recipes
[14:06:34] [ServerMain/INFO]: Loaded 1271 advancements
[14:06:34] [Server thread/INFO]: Starting minecraft server version 1.20.4
[14:06:34] [Server thread/INFO]: Loading properties
[14:06:34] [Server thread/INFO]: This server is running Paper version git-Paper-451 (MC: 1.20.4) (Implementing API version 1.20.4-R0.1-SNAPSHOT) (Git: ab1afb0)
[14:06:35] [Server thread/INFO]: Using 4 threads for Netty based IO
[14:06:35] [Server thread/INFO]: Server Ping Player Sample Count: 12
[14:06:35] [Server thread/WARN]: [!] The timings profiler has been enabled but has been scheduled for removal from Paper in the future.
    We recommend installing the spark profiler as a replacement: https://spark.lucko.me/
    For more information please visit: https://github.com/PaperMC/Paper/issues/8948
[14:06:35] [Server thread/INFO]: [ChunkTaskScheduler] Chunk system is using 1 I/O threads, 3 worker threads, and gen parallelism of 3 threads
[14:06:35] [Server thread/INFO]: Default game type: SURVIVAL
[14:06:35] [Server thread/INFO]: Generating keypair
[14:06:35] [Server thread/INFO]: Starting Minecraft server on *:25565
[14:06:35] [Server thread/INFO]: Using default channel type
[14:06:35] [Server thread/INFO]: Paper: Using Java compression from Velocity.
[14:06:35] [Server thread/INFO]: Paper: Using Java cipher from Velocity.
[14:06:35] [Server thread/ERROR]: [ModernPluginLoadingStrategy] Ambiguous plugin name 'wildtp' for files 'C:\Users\Zyb3rWolfi\Desktop\wild2\build\libs\wild2-1.0-SNAPSHOT.jar' and 'plugins\wild2-1.0-SNAPSHOT.jar' in 'plugins'
[14:06:35] [Server thread/INFO]: [LuckPerms] Loading server plugin LuckPerms v5.4.121
[14:06:35] [Server thread/INFO]: [wildtp] Loading server plugin wildtp v1.0-SNAPSHOT
[14:06:35] [Server thread/INFO]: Server permissions file permissions.yml is empty, ignoring it
[14:06:35] [Server thread/INFO]: [LuckPerms] Enabling LuckPerms v5.4.121
[14:06:36] [Server thread/INFO]:         __    
[14:06:36] [Server thread/INFO]:   |    |__)   LuckPerms v5.4.121
[14:06:36] [Server thread/INFO]:   |___ |      Running on Bukkit - Paper
[14:06:36] [Server thread/INFO]: 
[14:06:36] [Server thread/INFO]: [LuckPerms] Loading configuration...
[14:06:36] [Server thread/INFO]: [LuckPerms] Loading storage provider... [H2]
[14:06:36] [Server thread/INFO]: [LuckPerms] Loading internal permission managers...
[14:06:36] [Server thread/INFO]: [LuckPerms] Performing initial data load...
[14:06:37] [Server thread/INFO]: [LuckPerms] Successfully enabled. (took 1075ms)
[14:06:37] [Server thread/INFO]: Preparing level "world"
[14:06:37] [Server thread/INFO]: Preparing start region for dimension minecraft:overworld
[14:06:37] [Server thread/INFO]: Time elapsed: 227 ms
[14:06:37] [Server thread/INFO]: Preparing start region for dimension minecraft:the_nether
[14:06:37] [Server thread/INFO]: Time elapsed: 74 ms
[14:06:37] [Server thread/INFO]: Preparing start region for dimension minecraft:the_end
[14:06:39] [Server thread/INFO]: Time elapsed: 1267 ms
[14:06:39] [Server thread/INFO]: [wildtp] Enabling wildtp v1.0-SNAPSHOT
[14:06:39] [Server thread/INFO]: [wildtp] Timeout is set to: 0
[14:06:39] [Server thread/INFO]: Running delayed init tasks
[14:06:39] [Server thread/INFO]: Done (4.711s)! For help, type "help"
[14:06:39] [Server thread/INFO]: Timings Reset
[14:15:23] [Server thread/INFO]: Stopping the server
[14:15:23] [Server thread/INFO]: Stopping server
[14:15:23] [Server thread/INFO]: [wildtp] Disabling wildtp v1.0-SNAPSHOT
[14:15:23] [Server thread/INFO]: [LuckPerms] Disabling LuckPerms v5.4.121
[14:15:23] [Server thread/INFO]: [LuckPerms] Starting shutdown process...
[14:15:23] [Server thread/INFO]: [LuckPerms] Closing storage...
[14:15:23] [Server thread/INFO]: [LuckPerms] Goodbye!
[14:15:23] [Server thread/INFO]: Saving players
[14:15:23] [Server thread/INFO]: Saving worlds
[14:15:23] [Server thread/INFO]: Saving chunks for level 'ServerLevel[world]'/minecraft:overworld
[14:15:23] [Server thread/INFO]: [ChunkHolderManager] Waiting 60s for chunk system to halt for world 'world'
[14:15:23] [Server thread/INFO]: [ChunkHolderManager] Halted chunk system for world 'world'
[14:15:23] [Server thread/INFO]: [ChunkHolderManager] Saving all chunkholders for world 'world'
[14:15:23] [Server thread/INFO]: [ChunkHolderManager] Saved 0 block chunks, 52 entity chunks, 0 poi chunks in world 'world' in 0.01s
[14:15:23] [Server thread/INFO]: ThreadedAnvilChunkStorage (world): All chunks are saved
[14:15:23] [Server thread/INFO]: Saving chunks for level 'ServerLevel[world_nether]'/minecraft:the_nether
[14:15:23] [Server thread/INFO]: [ChunkHolderManager] Waiting 60s for chunk system to halt for world 'world_nether'
[14:15:23] [Server thread/INFO]: [ChunkHolderManager] Halted chunk system for world 'world_nether'
[14:15:23] [Server thread/INFO]: [ChunkHolderManager] Saving all chunkholders for world 'world_nether'
[14:15:23] [Server thread/INFO]: [ChunkHolderManager] Saved 0 block chunks, 15 entity chunks, 0 poi chunks in world 'world_nether' in 0.00s
[14:15:23] [Server thread/INFO]: ThreadedAnvilChunkStorage (DIM-1): All chunks are saved
[14:15:23] [Server thread/INFO]: Saving chunks for level 'ServerLevel[world_the_end]'/minecraft:the_end
[14:15:23] [Server thread/INFO]: [ChunkHolderManager] Waiting 60s for chunk system to halt for world 'world_the_end'
[14:15:23] [Server thread/INFO]: [ChunkHolderManager] Halted chunk system for world 'world_the_end'
[14:15:23] [Server thread/INFO]: [ChunkHolderManager] Saving all chunkholders for world 'world_the_end'
[14:15:23] [Server thread/INFO]: [ChunkHolderManager] Saved 0 block chunks, 10 entity chunks, 0 poi chunks in world 'world_the_end' in 0.00s
[14:15:23] [Server thread/INFO]: ThreadedAnvilChunkStorage (DIM1): All chunks are saved
[14:15:23] [Server thread/INFO]: ThreadedAnvilChunkStorage: All dimensions are saved
[14:15:23] [Server thread/INFO]: Flushing Chunk IO
[14:15:23] [Server thread/INFO]: Closing Thread Pool
[14:15:23] [Server thread/INFO]: Closing Server
